{"level":"info","message":"Servidor rodando na porta 3000","timestamp":"2025-06-27 21:17:10"}
{"level":"info","message":"Servidor rodando na porta 3000","timestamp":"2025-06-27 21:17:12"}
{"level":"info","message":"Servidor rodando na porta 3000","timestamp":"2025-06-27 21:17:16"}
{"level":"info","message":"Servidor rodando na porta 3000","timestamp":"2025-06-27 21:17:17"}
{"level":"info","message":"Servidor rodando na porta 3000","timestamp":"2025-06-27 21:17:52"}
{"level":"info","message":"Iniciando caso de uso ArtesaoUseCase.criar para email: email@gmail.com","timestamp":"2025-06-27 21:17:55"}
{"level":"info","message":"Artesao criado com sucesso. ID: , Email: email@gmail.com","timestamp":"2025-06-27 21:17:56"}
{"level":"info","message":"Iniciando caso de uso ArtesaoUseCase.criar para email: email@gmail.com","timestamp":"2025-06-27 21:19:14"}
{"level":"info","message":"Artesao criado com sucesso. ID: , Email: email@gmail.com","timestamp":"2025-06-27 21:19:14"}
{"level":"info","message":"Iniciando caso de uso ArtesaoUseCase.criar para email: email@gmail.com","timestamp":"2025-06-27 21:20:43"}
{"level":"info","message":"Artesao criado com sucesso. ID: , Email: email@gmail.com","timestamp":"2025-06-27 21:20:43"}
{"level":"info","message":"Servidor rodando na porta 3000","timestamp":"2025-06-27 21:21:23"}
{"level":"info","message":"Servidor rodando na porta 3000","timestamp":"2025-06-27 21:21:35"}
{"level":"info","message":"Servidor rodando na porta 3000","timestamp":"2025-06-27 21:21:43"}
{"level":"info","message":"Servidor rodando na porta 3000","timestamp":"2025-06-27 21:21:57"}
{"level":"info","message":"Servidor rodando na porta 3000","timestamp":"2025-06-27 21:22:42"}
{"level":"info","message":"Servidor rodando na porta 3000","timestamp":"2025-06-27 21:22:53"}
{"level":"info","message":"Servidor rodando na porta 3000","timestamp":"2025-06-27 21:22:57"}
{"level":"info","message":"Servidor rodando na porta 3000","timestamp":"2025-06-27 21:23:04"}
{"level":"info","message":"Servidor rodando na porta 3000","timestamp":"2025-06-27 21:23:09"}
{"level":"info","message":"Servidor rodando na porta 3000","timestamp":"2025-06-27 21:23:14"}
{"level":"info","message":"Servidor rodando na porta 3000","timestamp":"2025-06-27 21:23:15"}
{"level":"info","message":"Servidor rodando na porta 3000","timestamp":"2025-06-27 21:23:19"}
{"level":"info","message":"Servidor rodando na porta 3000","timestamp":"2025-06-27 21:23:23"}
{"level":"info","message":"Servidor rodando na porta 3000","timestamp":"2025-06-27 21:23:26"}
{"level":"info","message":"Servidor rodando na porta 3000","timestamp":"2025-06-27 21:23:48"}
{"level":"info","message":"Servidor rodando na porta 3000","timestamp":"2025-06-27 21:23:52"}
{"level":"info","message":"Servidor rodando na porta 3000","timestamp":"2025-06-27 21:23:53"}
{"level":"info","message":"Servidor rodando na porta 3000","timestamp":"2025-06-27 21:23:55"}
{"level":"info","message":"Servidor rodando na porta 3000","timestamp":"2025-06-27 21:24:02"}
{"level":"info","message":"Servidor rodando na porta 3000","timestamp":"2025-06-27 21:24:06"}
{"level":"info","message":"Servidor rodando na porta 3000","timestamp":"2025-06-27 21:24:36"}
{"level":"info","message":"Servidor rodando na porta 3000","timestamp":"2025-06-27 21:24:39"}
{"level":"info","message":"Servidor rodando na porta 3000","timestamp":"2025-06-27 21:24:42"}
{"level":"info","message":"Iniciando caso de uso ArtesaoUseCase.criar para email: email@gmail.com","timestamp":"2025-06-27 21:25:15"}
{"level":"info","message":"Artesao criado com sucesso. ID: , Email: email@gmail.com","timestamp":"2025-06-27 21:25:16"}
{"level":"info","message":"Iniciando caso de uso ArtesaoUseCase.criar para email: email@gmail.com","timestamp":"2025-06-27 21:27:12"}
{"level":"info","message":"Artesao criado com sucesso. ID: , Email: email@gmail.com","timestamp":"2025-06-27 21:27:13"}
{"level":"info","message":"Iniciando caso de uso ArtesaoUseCase.criar para email: email2@gmail.com","timestamp":"2025-06-27 21:28:31"}
{"level":"info","message":"Artesao criado com sucesso. ID: , Email: email2@gmail.com","timestamp":"2025-06-27 21:28:32"}
{"level":"info","message":"Iniciando caso de uso ArtesaoUseCase.criar para email: email3@gmail.com","timestamp":"2025-06-27 21:29:36"}
{"level":"info","message":"Artesao criado com sucesso. ID: , Email: email3@gmail.com","timestamp":"2025-06-27 21:29:36"}
{"level":"info","message":"Iniciando caso de uso ArtesaoUseCase.criar para email: email4@gmail.com","timestamp":"2025-06-27 21:30:25"}
{"level":"info","message":"Artesao criado com sucesso. ID: , Email: email4@gmail.com","timestamp":"2025-06-27 21:30:25"}
{"level":"info","message":"Iniciando caso de uso ArtesaoUseCase.criar para email: email5@gmail.com","timestamp":"2025-06-27 21:32:17"}
{"level":"info","message":"Artesao criado com sucesso. ID: , Email: email5@gmail.com","timestamp":"2025-06-27 21:32:17"}
{"level":"info","message":"Servidor rodando na porta 3000","timestamp":"2025-06-27 21:32:39"}
{"level":"info","message":"Iniciando caso de uso ArtesaoUseCase.criar para email: email6@gmail.com","timestamp":"2025-06-27 21:33:07"}
{"level":"info","message":"Artesao criado com sucesso. ID: , Email: email6@gmail.com","timestamp":"2025-06-27 21:33:08"}
{"level":"info","message":"Iniciando caso de uso ArtesaoUseCase.criar para email: email6@gmail.com","timestamp":"2025-06-27 21:35:10"}
{"level":"warn","message":"Tentativa de criar Artesao com email já cadastrado: email6@gmail.com","timestamp":"2025-06-27 21:35:10"}
{"level":"error","message":"Erro no caso de uso ArtesaoUseCase.criar para email email6@gmail.com: Email já cadastrado","stack":"Error: Email já cadastrado\n    at ArtesaoUseCase.criar (C:\\Users\\jabri\\Documents\\faculdade\\eng-software\\TES-MVP-Artesao\\backend\\src\\core\\useCase\\Artesao.UseCase.ts:14:11)\n    at ArtesaoController.criar (C:\\Users\\jabri\\Documents\\faculdade\\eng-software\\TES-MVP-Artesao\\backend\\src\\adapters\\controller\\Artesao.Controller.ts:12:4)","timestamp":"2025-06-27 21:35:10"}
{"level":"info","message":"Iniciando caso de uso ArtesaoUseCase.criar para email: email@gmail.com","timestamp":"2025-06-27 21:36:43"}
{"level":"info","message":"Artesao criado com sucesso. ID: , Email: email@gmail.com","timestamp":"2025-06-27 21:36:44"}
{"level":"info","message":"Iniciando caso de uso ArtesaoUseCase.criar para email: email2@gmail.com","timestamp":"2025-06-27 21:37:40"}
{"level":"info","message":"Artesao criado com sucesso. ID: , Email: email2@gmail.com","timestamp":"2025-06-27 21:37:40"}
{"level":"info","message":"Iniciando caso de uso ArtesaoUseCase.criar para email: email3@gmail.com","timestamp":"2025-06-27 21:39:11"}
{"level":"info","message":"Artesao criado com sucesso. ID: , Email: email3@gmail.com","timestamp":"2025-06-27 21:39:11"}
{"level":"info","message":"Servidor rodando na porta 3000","timestamp":"2025-06-27 21:39:49"}
{"level":"info","message":"Servidor rodando na porta 3000","timestamp":"2025-06-27 21:39:59"}
{"level":"info","message":"Servidor rodando na porta 3000","timestamp":"2025-06-27 21:40:05"}
{"level":"info","message":"Servidor rodando na porta 3000","timestamp":"2025-06-27 21:40:13"}
{"level":"info","message":"Iniciando caso de uso ArtesaoUseCase.criar para email: email4@gmail.com","timestamp":"2025-06-27 21:40:24"}
{"level":"info","message":"Artesao criado com sucesso. ID: , Email: email4@gmail.com","timestamp":"2025-06-27 21:40:25"}
{"level":"info","message":"Iniciando caso de uso ArtesaoUseCase.criar para email: email5@gmail.com","timestamp":"2025-06-27 21:40:47"}
{"level":"info","message":"Artesao criado com sucesso. ID: , Email: email5@gmail.com","timestamp":"2025-06-27 21:40:47"}
{"level":"info","message":"Iniciando caso de uso ArtesaoUseCase.criar para email: email6@gmail.com","timestamp":"2025-06-27 21:41:51"}
{"level":"info","message":"Artesao criado com sucesso. ID: , Email: email6@gmail.com","timestamp":"2025-06-27 21:41:51"}
{"level":"info","message":"Servidor rodando na porta 3000","timestamp":"2025-06-30 14:06:31"}
{"level":"info","message":"Servidor rodando na porta 3000","timestamp":"2025-06-30 14:09:07"}
{"level":"info","message":"Servidor rodando na porta 3000","timestamp":"2025-06-30 14:09:12"}
{"level":"info","message":"Servidor rodando na porta 3000","timestamp":"2025-06-30 14:09:15"}
{"level":"info","message":"Servidor rodando na porta 3000","timestamp":"2025-06-30 14:09:48"}
{"level":"info","message":"Servidor rodando na porta 3000","timestamp":"2025-06-30 14:09:50"}
{"level":"info","message":"Servidor rodando na porta 3000","timestamp":"2025-06-30 14:09:58"}
{"level":"info","message":"Servidor rodando na porta 3000","timestamp":"2025-06-30 14:10:05"}
{"level":"info","message":"Servidor rodando na porta 3000","timestamp":"2025-06-30 14:10:27"}
{"level":"info","message":"Servidor rodando na porta 3000","timestamp":"2025-06-30 14:10:29"}
{"level":"info","message":"Servidor rodando na porta 3000","timestamp":"2025-06-30 14:10:34"}
{"level":"info","message":"Servidor rodando na porta 3000","timestamp":"2025-06-30 14:10:44"}
{"level":"info","message":"Servidor rodando na porta 3000","timestamp":"2025-06-30 14:10:46"}
{"level":"info","message":"Servidor rodando na porta 3000","timestamp":"2025-06-30 14:10:52"}
{"level":"info","message":"Servidor rodando na porta 3000","timestamp":"2025-06-30 14:11:05"}
{"level":"info","message":"Servidor rodando na porta 3000","timestamp":"2025-06-30 14:11:09"}
{"level":"info","message":"Servidor rodando na porta 3000","timestamp":"2025-06-30 14:11:46"}
{"level":"info","message":"Servidor rodando na porta 3000","timestamp":"2025-06-30 14:11:49"}
{"level":"info","message":"Servidor rodando na porta 3000","timestamp":"2025-06-30 14:12:33"}
{"level":"info","message":"Servidor rodando na porta 3000","timestamp":"2025-06-30 14:12:36"}
{"level":"info","message":"Servidor rodando na porta 3000","timestamp":"2025-06-30 14:12:39"}
{"level":"info","message":"Servidor rodando na porta 3000","timestamp":"2025-06-30 14:12:40"}
{"level":"info","message":"Servidor rodando na porta 3000","timestamp":"2025-06-30 14:12:44"}
{"level":"info","message":"Servidor rodando na porta 3000","timestamp":"2025-06-30 14:12:47"}
{"level":"info","message":"Servidor rodando na porta 3000","timestamp":"2025-06-30 14:12:54"}
{"level":"info","message":"Servidor rodando na porta 3000","timestamp":"2025-06-30 14:12:56"}
{"level":"info","message":"Servidor rodando na porta 3000","timestamp":"2025-06-30 14:12:59"}
{"level":"info","message":"Servidor rodando na porta 3000","timestamp":"2025-06-30 14:13:02"}
{"level":"info","message":"Servidor rodando na porta 3000","timestamp":"2025-06-30 14:13:11"}
{"level":"info","message":"Servidor rodando na porta 3000","timestamp":"2025-06-30 14:13:27"}
{"level":"info","message":"Servidor rodando na porta 3000","timestamp":"2025-06-30 14:13:32"}
{"level":"info","message":"Servidor rodando na porta 3000","timestamp":"2025-06-30 14:14:00"}
{"level":"info","message":"Servidor rodando na porta 3000","timestamp":"2025-06-30 14:14:28"}
{"level":"info","message":"Servidor rodando na porta 3000","timestamp":"2025-06-30 14:14:58"}
{"level":"info","message":"Servidor rodando na porta 3000","timestamp":"2025-06-30 14:15:47"}
{"level":"info","message":"Servidor rodando na porta 3000","timestamp":"2025-06-30 14:15:57"}
{"level":"info","message":"Servidor rodando na porta 3000","timestamp":"2025-06-30 14:16:08"}
{"level":"info","message":"Servidor rodando na porta 3000","timestamp":"2025-06-30 14:16:36"}
{"level":"info","message":"Servidor rodando na porta 3000","timestamp":"2025-06-30 14:18:26"}
{"level":"info","message":"Servidor rodando na porta 3000","timestamp":"2025-06-30 14:18:33"}
{"level":"info","message":"Servidor rodando na porta 3000","timestamp":"2025-06-30 14:18:39"}
{"level":"info","message":"Servidor rodando na porta 3000","timestamp":"2025-06-30 14:18:53"}
{"level":"info","message":"Servidor rodando na porta 3000","timestamp":"2025-06-30 14:18:59"}
{"level":"info","message":"Iniciando caso de uso ArtesaoUseCase.criar para email: jabrirocha@gmail.com","timestamp":"2025-06-30 14:20:10"}
{"level":"info","message":"Artesao criado com sucesso. ID: , Email: jabrirocha@gmail.com","timestamp":"2025-06-30 14:20:11"}
{"level":"info","message":"Servidor rodando na porta 3000","timestamp":"2025-06-30 14:23:47"}
{"level":"info","message":"Servidor rodando na porta 3000","timestamp":"2025-06-30 14:25:39"}
{"level":"info","message":"Servidor rodando na porta 3000","timestamp":"2025-06-30 14:25:45"}
{"level":"info","message":"Servidor rodando na porta 3000","timestamp":"2025-06-30 14:28:50"}
{"level":"info","message":"Servidor rodando na porta 3000","timestamp":"2025-06-30 14:28:52"}
{"level":"info","message":"Servidor rodando na porta 3000","timestamp":"2025-06-30 14:29:05"}
{"level":"info","message":"Servidor rodando na porta 3000","timestamp":"2025-06-30 14:29:12"}
{"level":"info","message":"Servidor rodando na porta 3000","timestamp":"2025-06-30 14:29:14"}
{"level":"info","message":"Servidor rodando na porta 3000","timestamp":"2025-06-30 14:29:35"}
{"level":"info","message":"Servidor rodando na porta 3000","timestamp":"2025-06-30 14:29:42"}
{"level":"info","message":"Servidor rodando na porta 3000","timestamp":"2025-06-30 14:29:46"}
{"level":"info","message":"Servidor rodando na porta 3000","timestamp":"2025-06-30 16:46:36"}
{"level":"info","message":"Servidor rodando na porta 3000","timestamp":"2025-06-30 16:48:12"}
{"level":"info","message":"Servidor rodando na porta 3000","timestamp":"2025-06-30 16:48:15"}
{"level":"info","message":"Servidor rodando na porta 3000","timestamp":"2025-06-30 16:48:23"}
{"level":"info","message":"Servidor rodando na porta 3000","timestamp":"2025-06-30 16:48:28"}
{"level":"info","message":"Servidor rodando na porta 3000","timestamp":"2025-06-30 16:48:30"}
{"level":"info","message":"Servidor rodando na porta 3000","timestamp":"2025-06-30 16:48:31"}
{"level":"info","message":"Servidor rodando na porta 3000","timestamp":"2025-06-30 16:48:33"}
{"level":"info","message":"Servidor rodando na porta 3000","timestamp":"2025-06-30 16:50:07"}
{"level":"info","message":"Servidor rodando na porta 3000","timestamp":"2025-06-30 17:02:09"}
{"level":"info","message":"Servidor rodando na porta 3000","timestamp":"2025-06-30 17:02:58"}
{"level":"info","message":"Servidor rodando na porta 3000","timestamp":"2025-06-30 17:03:29"}
{"level":"info","message":"Servidor rodando na porta 3000","timestamp":"2025-06-30 17:03:32"}
{"level":"info","message":"Servidor rodando na porta 3000","timestamp":"2025-06-30 17:03:37"}
{"level":"info","message":"Servidor rodando na porta 3000","timestamp":"2025-06-30 17:03:42"}
{"level":"info","message":"Servidor rodando na porta 3000","timestamp":"2025-06-30 17:03:44"}
{"level":"info","message":"Servidor rodando na porta 3000","timestamp":"2025-06-30 17:03:48"}
{"level":"info","message":"Servidor rodando na porta 3000","timestamp":"2025-06-30 17:03:50"}
{"level":"info","message":"Servidor rodando na porta 3000","timestamp":"2025-06-30 17:03:52"}
{"level":"info","message":"Servidor rodando na porta 3000","timestamp":"2025-06-30 17:04:04"}
{"level":"info","message":"Servidor rodando na porta 3000","timestamp":"2025-06-30 17:04:54"}
{"level":"info","message":"Servidor rodando na porta 3000","timestamp":"2025-06-30 17:04:58"}
{"level":"info","message":"Servidor rodando na porta 3000","timestamp":"2025-06-30 17:05:00"}
{"level":"info","message":"Servidor rodando na porta 3000","timestamp":"2025-06-30 17:05:03"}
{"level":"info","message":"Servidor rodando na porta 3000","timestamp":"2025-06-30 17:05:11"}
{"level":"info","message":"Servidor rodando na porta 3000","timestamp":"2025-06-30 17:05:20"}
{"level":"info","message":"Servidor rodando na porta 3000","timestamp":"2025-06-30 17:05:33"}
{"level":"info","message":"Servidor rodando na porta 3000","timestamp":"2025-06-30 17:05:36"}
{"level":"info","message":"Servidor rodando na porta 3000","timestamp":"2025-06-30 17:05:39"}
{"level":"info","message":"Servidor rodando na porta 3000","timestamp":"2025-06-30 17:05:42"}
{"level":"info","message":"Servidor rodando na porta 3000","timestamp":"2025-06-30 17:05:43"}
{"level":"info","message":"Servidor rodando na porta 3000","timestamp":"2025-06-30 17:05:45"}
{"level":"info","message":"Servidor rodando na porta 3000","timestamp":"2025-06-30 17:06:01"}
{"level":"info","message":"Servidor rodando na porta 3000","timestamp":"2025-06-30 17:06:03"}
{"level":"info","message":"Servidor rodando na porta 3000","timestamp":"2025-06-30 17:06:07"}
{"level":"info","message":"Servidor rodando na porta 3000","timestamp":"2025-06-30 17:06:09"}
{"level":"info","message":"Servidor rodando na porta 3000","timestamp":"2025-06-30 17:06:11"}
{"level":"info","message":"Servidor rodando na porta 3000","timestamp":"2025-06-30 17:06:15"}
{"level":"info","message":"Servidor rodando na porta 3000","timestamp":"2025-06-30 17:06:20"}
{"level":"info","message":"Servidor rodando na porta 3000","timestamp":"2025-06-30 17:06:22"}
{"level":"info","message":"Servidor rodando na porta 3000","timestamp":"2025-06-30 17:06:28"}
{"level":"info","message":"Servidor rodando na porta 3000","timestamp":"2025-06-30 17:06:30"}
{"level":"info","message":"Servidor rodando na porta 3000","timestamp":"2025-06-30 17:06:34"}
{"level":"info","message":"Servidor rodando na porta 3000","timestamp":"2025-06-30 17:06:47"}
{"level":"info","message":"Servidor rodando na porta 3000","timestamp":"2025-06-30 17:06:57"}
{"level":"info","message":"Servidor rodando na porta 3000","timestamp":"2025-06-30 17:07:03"}
{"level":"info","message":"Servidor rodando na porta 3000","timestamp":"2025-06-30 17:07:06"}
{"level":"info","message":"Servidor rodando na porta 3000","timestamp":"2025-06-30 17:07:09"}
{"level":"info","message":"Servidor rodando na porta 3000","timestamp":"2025-06-30 17:07:21"}
{"level":"info","message":"Servidor rodando na porta 3000","timestamp":"2025-06-30 17:07:26"}
{"level":"info","message":"Servidor rodando na porta 3000","timestamp":"2025-06-30 17:07:30"}
{"level":"info","message":"Servidor rodando na porta 3000","timestamp":"2025-06-30 17:07:37"}
{"level":"info","message":"Servidor rodando na porta 3000","timestamp":"2025-06-30 17:07:44"}
{"level":"info","message":"Servidor rodando na porta 3000","timestamp":"2025-06-30 17:07:56"}
{"level":"info","message":"Servidor rodando na porta 3000","timestamp":"2025-06-30 17:07:59"}
{"level":"info","message":"Servidor rodando na porta 3000","timestamp":"2025-06-30 17:08:02"}
{"level":"info","message":"Servidor rodando na porta 3000","timestamp":"2025-06-30 17:08:13"}
{"level":"info","message":"Servidor rodando na porta 3000","timestamp":"2025-06-30 17:08:16"}
{"level":"info","message":"Servidor rodando na porta 3000","timestamp":"2025-06-30 17:08:18"}
{"level":"info","message":"Servidor rodando na porta 3000","timestamp":"2025-06-30 17:08:21"}
{"level":"info","message":"Servidor rodando na porta 3000","timestamp":"2025-06-30 17:10:31"}
{"level":"info","message":"Servidor rodando na porta 3000","timestamp":"2025-06-30 17:10:35"}
{"level":"info","message":"Servidor rodando na porta 3000","timestamp":"2025-06-30 17:10:44"}
{"level":"info","message":"Servidor rodando na porta 3000","timestamp":"2025-06-30 17:10:47"}
{"level":"info","message":"Servidor rodando na porta 3000","timestamp":"2025-06-30 17:13:45"}
{"level":"info","message":"Servidor rodando na porta 3000","timestamp":"2025-06-30 17:13:49"}
{"level":"info","message":"Servidor rodando na porta 3000","timestamp":"2025-06-30 17:13:58"}
{"level":"info","message":"Servidor rodando na porta 3000","timestamp":"2025-06-30 17:14:01"}
